<?xml version="1.0" encoding="UTF-8" ?>
<testsuites disabled="0" errors="0" failures="1" tests="5" time="13.748">
 <testsuite name="demo calculator" timestamp="2019-09-17T19:27:21" hostname="localhost" time="13.748" errors="0" tests="5" skipped="0" disabled="0" failures="1">
  <testcase classname="demo calculator" name="should open calculator web app link" time="5.086" />
  <testcase classname="demo calculator" name="should insert first number" time="0.508" />
  <testcase classname="demo calculator" name="should insert second number" time="0.597" />
  <testcase classname="demo calculator" name="should click go! button" time="0.504" />
  <testcase classname="demo calculator" name="should expect answer" time="7.041">
   <failure type="toEqual" message="Expected &apos;21&apos; to equal &apos;11&apos;."><![CDATA[Error: Failed expectation
    at calculatorPage.expectAnswer (E:\StudyDrive\Protractor\ProtractorDemo\pages\CalculatorPage.js:28:30)
    at UserContext.<anonymous> (E:\StudyDrive\Protractor\ProtractorDemo\tests\example_spec.js:22:27)
    at C:\Users\Sagar\AppData\Roaming\npm\node_modules\protractor\node_modules\jasminewd2\index.js:112:25
    at new ManagedPromise (C:\Users\Sagar\AppData\Roaming\npm\node_modules\protractor\node_modules\selenium-webdriver\lib\promise.js:1077:7)
    at ControlFlow.promise (C:\Users\Sagar\AppData\Roaming\npm\node_modules\protractor\node_modules\selenium-webdriver\lib\promise.js:2505:12)
    at schedulerExecute (C:\Users\Sagar\AppData\Roaming\npm\node_modules\protractor\node_modules\jasminewd2\index.js:95:18)
    at TaskQueue.execute_ (C:\Users\Sagar\AppData\Roaming\npm\node_modules\protractor\node_modules\selenium-webdriver\lib\promise.js:3084:14)
    at TaskQueue.executeNext_ (C:\Users\Sagar\AppData\Roaming\npm\node_modules\protractor\node_modules\selenium-webdriver\lib\promise.js:3067:27)
    at asyncRun (C:\Users\Sagar\AppData\Roaming\npm\node_modules\protractor\node_modules\selenium-webdriver\lib\promise.js:2927:27)]]>
   </failure>
  </testcase>
 </testsuite>
</testsuites>